[2023-08-27T08:49:14.622Z] [[32minfo[39m] server started at port 5000
[2023-08-27T08:49:14.670Z] [[32minfo[39m] Connected to DB Successfully....
[2023-08-27T08:49:43.035Z] [[32minfo[39m] server started at port 3000
[2023-08-27T08:49:43.058Z] [[32minfo[39m] Connected to DB Successfully....
[2023-08-27T08:50:11.905Z] [[32minfo[39m] server started at port 3000
[2023-08-27T08:50:11.931Z] [[32minfo[39m] Connected to DB Successfully....
[2023-08-27T08:50:20.275Z] [[32minfo[39m] server started at port 3000
[2023-08-27T08:50:20.296Z] [[32minfo[39m] Connected to DB Successfully....
[2023-08-27T08:51:51.906Z] [[32minfo[39m] server started at port 3000
[2023-08-27T08:52:21.912Z] [[31merror[39m] connect ECONNREFUSED 127.0.0.1:27017 connect ECONNREFUSED 127.0.0.1:27017
[2023-08-27T08:53:04.156Z] [[31merror[39m] Operation `movies.find()` buffering timed out after 10000ms Operation `movies.find()` buffering timed out after 10000ms
[2023-08-27T08:53:17.207Z] [[32minfo[39m] server started at port 3000
[2023-08-27T08:53:25.883Z] [[32minfo[39m] Connected to DB Successfully....
[2023-08-27T08:53:43.306Z] [[32minfo[39m] server started at port 3000
[2023-08-27T08:53:43.334Z] [[32minfo[39m] Connected to DB Successfully....
[2023-08-27T08:53:51.561Z] [[32minfo[39m] server started at port 3000
[2023-08-27T08:53:51.577Z] [[32minfo[39m] Connected to DB Successfully....
[2023-08-27T10:34:37.107Z] [[32minfo[39m] server started at port 3000
[2023-08-27T10:34:44.790Z] [[32minfo[39m] Connected to DB Successfully....
[2023-08-27T10:35:53.459Z] [[32minfo[39m] server started at port 3000
[2023-08-27T10:35:53.479Z] [[32minfo[39m] Connected to DB Successfully....
[2023-08-27T10:35:55.049Z] [[32minfo[39m] server started at port 3000
[2023-08-27T10:35:55.062Z] [[32minfo[39m] Connected to DB Successfully....
[2023-08-27T10:35:58.615Z] [[32minfo[39m] server started at port 3000
[2023-08-27T10:35:58.628Z] [[32minfo[39m] Connected to DB Successfully....
[2023-08-27T10:36:06.226Z] [[32minfo[39m] server started at port 3000
[2023-08-27T10:36:06.240Z] [[32minfo[39m] Connected to DB Successfully....
[2023-08-27T10:36:09.450Z] [[32minfo[39m] server started at port 3000
[2023-08-27T10:36:09.473Z] [[32minfo[39m] Connected to DB Successfully....
[2023-08-27T10:36:23.645Z] [[31merror[39m] aldfldskjfls aldfldskjfls
[2023-08-27T10:36:36.885Z] [[32minfo[39m] server started at port 3000
[2023-08-27T10:36:36.900Z] [[32minfo[39m] Connected to DB Successfully....
